

C =  1.00e-06

Prob    n   actv_ipm actv_simplex        dff   rel_diff ipm in simplex?
{Undefined function 'mxlpsolve' for input arguments of type 'char'.

Error in <a href="matlab:helpUtils.errorDocCallback('lp_maker', '/Users/yimingyan/Dropbox/MyToys/Matlab/PIPM/pipm-lp/thirdParty/lp_solve/lp_maker.m', 35)" style="font-weight:bold">lp_maker</a> (<a href="matlab: opentoline('/Users/yimingyan/Dropbox/MyToys/Matlab/PIPM/pipm-lp/thirdParty/lp_solve/lp_maker.m',35,0)">line 35</a>)
lp_handle = mxlpsolve('make_lp', m, n);

Error in <a href="matlab:helpUtils.errorDocCallback('crossOver', '/Users/yimingyan/Dropbox/MyToys/Matlab/PIPM/pipm-lp/src/crossOver.m', 29)" style="font-weight:bold">crossOver</a> (<a href="matlab: opentoline('/Users/yimingyan/Dropbox/MyToys/Matlab/PIPM/pipm-lp/src/crossOver.m',29,0)">line 29</a>)
            crossover.lp = lp_maker(prob.c, prob.A, prob.b,...

Error in <a href="matlab:helpUtils.errorDocCallback('pipm', '/Users/yimingyan/Dropbox/MyToys/Matlab/PIPM/pipm-lp/src/pipm.m', 56)" style="font-weight:bold">pipm</a> (<a href="matlab: opentoline('/Users/yimingyan/Dropbox/MyToys/Matlab/PIPM/pipm-lp/src/pipm.m',56,0)">line 56</a>)
            p.crossover = crossOver(p.prob, p.parameters);

Error in <a href="matlab:helpUtils.errorDocCallback('compare_actv_ipm_simplex_noper', '/Users/yimingyan/Dropbox/MyToys/Matlab/PIPM/pipm-lp/Tests/compare_actv_ipm_simplex_noper.m', 38)" style="font-weight:bold">compare_actv_ipm_simplex_noper</a> (<a href="matlab: opentoline('/Users/yimingyan/Dropbox/MyToys/Matlab/PIPM/pipm-lp/Tests/compare_actv_ipm_simplex_noper.m',38,0)">line 38</a>)
        unper = pipm(A,b,c,params_unper); unper.solve;
} 
testCorrectionRatios
1. Pls choose the test set [1-2]: 
	 [1]. Random test (primal nondegenerate)
	 [2]. Random test (primal-dual degenerate)
Your choice here [1-2]: {Operation terminated by user during <a href="matlab:helpUtils.errorDocCallback('testCorrectionRatios>setup_correctionRatio', '/Users/yimingyan/Dropbox/MyToys/Matlab/PIPM/pipm-lp/Tests/correction_ratio_test/testCorrectionRatios.m', 175)" style="font-weight:bold">testCorrectionRatios>setup_correctionRatio</a> (<a href="matlab: opentoline('/Users/yimingyan/Dropbox/MyToys/Matlab/PIPM/pipm-lp/Tests/correction_ratio_test/testCorrectionRatios.m',175,0)">line 175</a>)


In <a href="matlab:helpUtils.errorDocCallback('testCorrectionRatios', '/Users/yimingyan/Dropbox/MyToys/Matlab/PIPM/pipm-lp/Tests/correction_ratio_test/testCorrectionRatios.m', 40)" style="font-weight:bold">testCorrectionRatios</a> (<a href="matlab: opentoline('/Users/yimingyan/Dropbox/MyToys/Matlab/PIPM/pipm-lp/Tests/correction_ratio_test/testCorrectionRatios.m',40,0)">line 40</a>)
[Type, numTestProb, params_per, params_unper] = setup_correctionRatio;
} 
ls
Examples				compare_actv_ipm_simplex_noper_demo.log	src
README.txt				license.txt				thirdParty
Tests					setup.m

ls
Examples				compare_actv_ipm_simplex_noper_demo.log	src
README.txt				license.txt				thirdParty
Tests					setup.m

cd Tests/
compare_actv_ipm_simplex_noper
